<?xml version="1.0" encoding="UTF-8"?>
<!--
    JBoss, Home of Professional Open Source
    Copyright 2014, Red Hat, Inc. and/or its affiliates, and individual
    contributors by the @authors tag. See the copyright.txt in the
    distribution for a full listing of individual contributors.

    Licensed under the Apache License, Version 2.0 (the "License");
    you may not use this file except in compliance with the License.
    You may obtain a copy of the License at
    http://www.apache.org/licenses/LICENSE-2.0
    Unless required by applicable law or agreed to in writing, software
    distributed under the License is distributed on an "AS IS" BASIS,
    WITHOUT WARRANTIES OR CONDITIONS OF ANY KIND, either express or implied.
    See the License for the specific language governing permissions and
    limitations under the License.
-->
<persistence version="2.0"
   xmlns="http://java.sun.com/xml/ns/persistence" xmlns:xsi="http://www.w3.org/2001/XMLSchema-instance"
   xsi:schemaLocation="
        http://java.sun.com/xml/ns/persistence
        http://java.sun.com/xml/ns/persistence/persistence_2_0.xsd">
   <persistence-unit name="primary">
      <!-- If you are running in a production environment, add a managed 
         data source, this example data source is just for development and testing! -->
      <!-- The datasource is deployed as WEB-INF/TestingEE-ds.xml, you
         can find it in the source at src/main/webapp/WEB-INF/TestingEE-ds.xml -->
      <jta-data-source>java:jboss/datasources/ExampleDS</jta-data-source>
      <properties>
         <!-- Properties for Hibernate -->
         <property name="javax.persistence.schema-generation.database.action"  value="drop-and-create"/>
         <property name="hibernate.dialect" value="org.hibernate.dialect.H2Dialect"/>
         <property name="hibernate.show_sql" value="true" />
         <property name="hibernate.hbm2ddl.auto" value="create-drop" />
		  <!-- does not create foreign keys, creates schema and deletes content of a database
		       (deleteTableContents - foreign keys are created twice???), use dropDB instead -->
		  <property name="openjpa.jdbc.SynchronizeMappings" value="buildSchema(foreignKeys=true,schemaAction='dropDB,add')"/>
		  <!--Resolves the problem with foreign key integrity - joined entities are persisted sometimes in wrong order??? (verify it)-->
		  <property name="openjpa.jdbc.SchemaFactory" value="native(foreignKeys=true)" />
		  <!--Create foreign keys-->
		  <property name="openjpa.jdbc.MappingDefaults" value="ForeignKeyDeleteAction=restrict, JoinForeignKeyDeleteAction=restrict"/>
		  <property name="openjpa.Log" value="DefaultLevel=TRACE,SQL=TRACE" />
      </properties>
   </persistence-unit>
</persistence>
